SF:lib\src\modules\core\extensions\diacritics_extension.dart
DA:28,2
DA:31,1
DA:32,2
DA:33,2
LF:4
LH:4
end_of_record
SF:lib\src\modules\core\usecases\check_internet.dart
DA:14,0
DA:16,1
DA:22,1
DA:25,1
DA:26,2
DA:28,0
DA:31,1
DA:34,0
LF:8
LH:5
end_of_record
SF:lib\src\modules\home\domain\entities\apod_entity.dart
DA:8,6
DA:15,24
DA:23,0
DA:24,0
DA:25,0
DA:29,2
DA:31,2
DA:32,6
DA:33,6
DA:34,6
DA:35,6
DA:36,6
DA:37,6
DA:40,2
DA:42,6
DA:43,6
DA:44,6
DA:45,6
DA:46,6
DA:47,4
LF:20
LH:17
end_of_record
SF:lib\src\modules\home\domain\usecases\get_favorites_usecase.dart
DA:5,1
DA:9,1
DA:10,2
DA:11,1
LF:4
LH:4
end_of_record
SF:lib\src\modules\home\domain\usecases\get_media_od_day_usecase.dart
DA:7,1
DA:11,1
DA:12,1
DA:13,1
DA:14,1
DA:16,2
DA:17,2
LF:7
LH:7
end_of_record
SF:lib\src\modules\home\domain\usecases\save_favorites_usecase.dart
DA:5,1
DA:9,1
DA:11,2
DA:14,2
LF:4
LH:4
end_of_record
SF:lib\src\modules\core\errors.dart
DA:10,1
DA:29,0
LF:2
LH:1
end_of_record
SF:lib\src\modules\home\presentation\pages\home\home_controller.dart
DA:11,1
DA:23,1
DA:24,4
DA:25,2
DA:26,2
DA:30,4
DA:31,2
DA:32,3
DA:33,1
DA:34,1
DA:35,1
DA:36,1
DA:38,1
DA:44,1
DA:45,3
DA:46,3
DA:49,1
DA:54,3
DA:61,1
DA:63,2
DA:65,3
DA:66,1
DA:67,0
DA:69,3
DA:70,2
DA:75,1
DA:76,2
DA:78,3
DA:81,1
DA:86,2
DA:87,1
DA:89,5
DA:91,1
DA:94,3
DA:97,1
DA:98,3
DA:99,3
LF:37
LH:36
end_of_record
SF:lib\src\modules\home\presentation\pages\home\home_store.dart
DA:8,3
DA:9,2
DA:10,3
DA:13,3
DA:14,2
DA:15,3
LF:6
LH:6
end_of_record
SF:lib\src\modules\home\presentation\pages\home\state\favorite_state.dart
DA:9,1
DA:15,1
DA:27,1
DA:33,0
LF:4
LH:3
end_of_record
SF:lib\src\modules\home\presentation\pages\home\state\home_state.dart
DA:11,1
DA:17,1
LF:2
LH:2
end_of_record
SF:lib\src\modules\home\presentation\pages\home\home_page.dart
DA:15,1
DA:18,1
DA:19,1
DA:23,3
DA:26,1
DA:28,1
DA:29,1
DA:30,1
DA:31,2
DA:34,1
DA:36,2
DA:37,1
DA:40,1
DA:41,1
DA:43,1
DA:46,1
DA:47,3
DA:48,1
DA:51,1
DA:57,1
DA:61,1
DA:64,1
DA:65,1
DA:66,1
DA:67,1
DA:71,1
DA:74,1
DA:75,1
DA:76,1
DA:77,3
DA:82,0
DA:83,0
DA:84,0
DA:85,0
DA:89,0
DA:90,0
DA:91,0
DA:95,1
DA:97,1
DA:98,3
DA:99,1
DA:100,1
DA:101,3
DA:102,1
DA:103,1
DA:104,1
DA:105,1
DA:106,1
DA:107,2
DA:108,1
DA:110,1
DA:115,1
DA:117,1
DA:118,1
DA:119,1
DA:120,0
DA:121,0
DA:122,0
DA:126,1
DA:127,1
DA:128,3
DA:131,2
DA:132,1
DA:134,0
DA:135,0
DA:143,1
DA:145,0
DA:150,0
LF:68
LH:54
end_of_record
SF:lib\src\modules\home\presentation\pages\home\widgets\date_widget.dart
DA:6,1
DA:14,1
DA:15,1
DA:19,3
DA:21,0
DA:22,0
DA:24,0
DA:25,0
DA:26,0
DA:28,0
DA:29,0
DA:30,0
DA:32,0
DA:36,0
DA:37,0
DA:38,0
DA:40,0
DA:43,0
DA:44,0
DA:45,0
DA:47,0
DA:50,1
DA:52,3
DA:53,1
DA:55,1
DA:56,1
DA:58,1
DA:60,1
DA:61,0
DA:62,1
DA:64,1
DA:66,1
LF:32
LH:14
end_of_record
SF:lib\src\modules\home\presentation\pages\home\widgets\fab_home_widget.dart
DA:8,1
DA:18,1
DA:20,1
DA:21,1
DA:22,3
DA:24,0
DA:25,0
DA:28,0
DA:29,0
DA:30,0
DA:35,1
LF:11
LH:6
end_of_record
SF:lib\src\modules\home\presentation\pages\home\widgets\failure_state_widget.dart
DA:7,1
DA:15,1
DA:17,1
DA:18,1
DA:20,4
DA:21,1
DA:22,1
LF:7
LH:7
end_of_record
SF:lib\src\modules\home\presentation\pages\home\widgets\loading_state_widget.dart
DA:5,2
DA:7,1
LF:2
LH:2
end_of_record
SF:lib\src\modules\home\presentation\pages\home\widgets\success_state_widget.dart
DA:8,1
DA:12,1
DA:14,1
DA:15,1
DA:16,1
DA:17,1
DA:19,2
DA:22,1
DA:24,2
DA:26,1
DA:28,2
DA:29,2
LF:12
LH:12
end_of_record
SF:lib\src\modules\home\presentation\pages\home\widgets\media_display_widget.dart
DA:10,1
DA:18,1
DA:19,1
DA:26,1
DA:28,1
DA:29,3
DA:30,0
DA:31,0
DA:32,0
DA:33,0
DA:39,1
DA:41,3
DA:42,0
DA:44,1
DA:47,1
DA:49,1
DA:50,3
DA:51,3
DA:52,2
DA:53,2
DA:56,1
DA:57,2
DA:58,1
DA:60,0
DA:63,0
DA:64,0
DA:65,0
DA:66,0
DA:67,0
LF:29
LH:18
end_of_record
SF:lib\src\modules\home\infra\repositories\mappers\apod_mapper.dart
DA:15,2
DA:17,2
DA:18,2
DA:19,2
DA:20,2
DA:21,2
DA:22,2
DA:23,2
DA:27,2
DA:29,2
DA:30,2
DA:31,2
DA:32,2
DA:33,4
DA:34,2
DA:35,2
LF:16
LH:16
end_of_record
SF:lib\src\modules\home\infra\repositories\models\apod_model.dart
DA:2,3
DA:11,1
DA:12,1
DA:13,1
DA:14,1
DA:15,1
DA:16,1
DA:17,1
DA:18,1
DA:29,0
DA:30,0
DA:31,0
DA:32,0
DA:33,0
DA:34,0
DA:35,0
DA:36,0
LF:17
LH:9
end_of_record
SF:lib\src\modules\core\adapters\http_adapter\http_response.dart
DA:14,1
LF:1
LH:1
end_of_record
SF:lib\src\modules\home\infra\datasource\nasa_datasource.dart
DA:6,1
DA:10,1
DA:12,3
DA:14,2
LF:4
LH:4
end_of_record
SF:lib\src\modules\home\infra\repositories\nasa_repository.dart
DA:9,1
DA:19,1
DA:21,2
DA:23,2
DA:26,1
DA:28,2
DA:30,4
DA:33,1
DA:35,2
DA:36,2
DA:39,1
DA:41,2
DA:42,2
LF:13
LH:13
end_of_record
